生成启动时间为 2017/5/24 17:08:33。
     1>项目“F:\Program\择善教育\DSP_Demo\DSP_Demo\DSP_Demo.vcxproj”在节点 2 上(Build 个目标)。
     1>ClCompile:
         C:\Program Files (x86)\Microsoft Visual Studio 12.0\VC\bin\CL.exe /c /ZI /nologo /W3 /WX- /sdl /Od /Oy- /D WIN32 /D _DEBUG /D _CONSOLE /D _LIB /D _UNICODE /D UNICODE /Gm /EHsc /RTC1 /MDd /GS /fp:precise /Zc:wchar_t /Zc:forScope /Yu"stdafx.h" /Fp"Debug\DSP_Demo.pch" /Fo"Debug\\" /Fd"Debug\vc120.pdb" /Gd /TP /analyze- /errorReport:prompt DSP.cpp DSP_Demo.cpp FIR.cpp
         DSP.cpp
     1>f:\program\择善教育\dsp_demo\dsp_demo\dsp.cpp(25): warning C4244: “初始化”: 从“double”转换到“int”，可能丢失数据
     1>f:\program\择善教育\dsp_demo\dsp_demo\dsp.cpp(26): warning C4244: “初始化”: 从“double”转换到“int”，可能丢失数据
     1>f:\program\择善教育\dsp_demo\dsp_demo\dsp.cpp(35): warning C4244: “参数”: 从“double”转换到“int”，可能丢失数据
     1>f:\program\择善教育\dsp_demo\dsp_demo\dsp.cpp(36): warning C4244: “参数”: 从“double”转换到“int”，可能丢失数据
     1>f:\program\择善教育\dsp_demo\dsp_demo\dsp.cpp(109): warning C4244: “初始化”: 从“double”转换到“int”，可能丢失数据
     1>f:\program\择善教育\dsp_demo\dsp_demo\dsp.cpp(459): warning C4244: “初始化”: 从“double”转换到“int”，可能丢失数据
         正在生成代码...
         正在跳过...(未检测到相关更改)
         FIR.cpp
         DSP_Demo.cpp
       Link:
         C:\Program Files (x86)\Microsoft Visual Studio 12.0\VC\bin\link.exe /ERRORREPORT:PROMPT /OUT:"F:\Program\择善教育\DSP_Demo\Debug\DSP_Demo.exe" /INCREMENTAL /NOLOGO kernel32.lib user32.lib gdi32.lib winspool.lib comdlg32.lib advapi32.lib shell32.lib ole32.lib oleaut32.lib uuid.lib odbc32.lib odbccp32.lib /MANIFEST /MANIFESTUAC:"level='asInvoker' uiAccess='false'" /manifest:embed /DEBUG /PDB:"F:\Program\择善教育\DSP_Demo\Debug\DSP_Demo.pdb" /SUBSYSTEM:CONSOLE /TLBID:1 /DYNAMICBASE /NXCOMPAT /IMPLIB:"F:\Program\择善教育\DSP_Demo\Debug\DSP_Demo.lib" /MACHINE:X86 Debug\DFD.obj
         Debug\DSP.obj
         Debug\DSP_Demo.obj
         Debug\FIR.obj
         Debug\stdafx.obj
         DSP_Demo.vcxproj -> F:\Program\择善教育\DSP_Demo\Debug\DSP_Demo.exe
     1>已完成生成项目“F:\Program\择善教育\DSP_Demo\DSP_Demo\DSP_Demo.vcxproj”(Build 个目标)的操作。

生成成功。

已用时间 00:00:04.59
